Arguments: 
  C:\Program Files\nodejs\node.exe C:\Users\mikem\AppData\Roaming\npm\node_modules\yarn\bin\yarn.js start

PATH: 
  C:\Users\mikem\bin;C:\Program Files\Git\mingw64\bin;C:\Program Files\Git\usr\local\bin;C:\Program Files\Git\usr\bin;C:\Program Files\Git\usr\bin;C:\Program Files\Git\mingw64\bin;C:\Program Files\Git\usr\bin;C:\Users\mikem\bin;C:\Program Files\Java\jdk1.8.0_161\bin\javaw.exe;C:\Program Files\nodejs;C:\Users\mikem\AppData\Local\Microsoft\WindowsApps;C:\Program Files\Heroku\bin;C:\Users\mikem\AppData\Local\GitHubDesktop\bin;C:\Users\mikem\AppData\Local\Microsoft\WindowsApps;C:\Program Files\MongoDB\Server\3.6\bin;C:\Program Files\Java\jdk1.8.0_161\bin;C:\Users\mikem\AppData\Roaming\npm;C:\Program Files\Git\usr\bin\vendor_perl;C:\Program Files\Git\usr\bin\core_perl

Yarn version: 
  1.5.1

Node version: 
  8.11.1

Platform: 
  win32 x64

npm manifest: 
  No manifest

yarn manifest: 
  No manifest

Lockfile: 
  No lockfile

Trace: 
  Error: Couldn't find a package.json file in "C:\\Users\\mikem\\react-memgame"
      at new MessageError (C:\Users\mikem\AppData\Roaming\npm\node_modules\yarn\lib\cli.js:186:110)
      at C:\Users\mikem\AppData\Roaming\npm\node_modules\yarn\lib\cli.js:40048:15
      at Generator.next (<anonymous>)
      at step (C:\Users\mikem\AppData\Roaming\npm\node_modules\yarn\lib\cli.js:98:30)
      at C:\Users\mikem\AppData\Roaming\npm\node_modules\yarn\lib\cli.js:109:13
      at <anonymous>
